{"/Users/dhrupalrafaliya/personal/demo-project/src/routes/AppRoutes.tsx": {"path":"/Users/dhrupalrafaliya/personal/demo-project/src/routes/AppRoutes.tsx","statementMap":{"0":{"start":{"line":21,"column":0},"end":{"line":21,"column":24}},"1":{"start":{"line":1,"column":0},"end":{"line":1,"column":59}},"2":{"start":{"line":2,"column":0},"end":{"line":2,"column":50}},"3":{"start":{"line":3,"column":0},"end":{"line":3,"column":52}},"4":{"start":{"line":4,"column":0},"end":{"line":4,"column":46}},"5":{"start":{"line":5,"column":0},"end":{"line":5,"column":40}},"6":{"start":{"line":6,"column":0},"end":{"line":6,"column":null}},"7":{"start":{"line":19,"column":0},"end":{"line":19,"column":58}},"8":{"start":{"line":22,"column":2},"end":{"line":113,"column":4}}},"fnMap":{"0":{"name":"AppRoutes","decl":{"start":{"line":21,"column":24},"end":{"line":21,"column":33}},"loc":{"start":{"line":21,"column":33},"end":{"line":114,"column":1}}}},"branchMap":{},"s":{"0":1,"1":1,"2":1,"3":1,"4":1,"5":1,"6":1,"7":1,"8":14},"f":{"0":14},"b":{}}
}
